{"C:\\Users\\Raphael Barbosa\\Desktop\\Pessoal\\vtex_utils_extension\\src\\js\\utils\\activeSection.ts": {"path":"C:\\Users\\Raphael Barbosa\\Desktop\\Pessoal\\vtex_utils_extension\\src\\js\\utils\\activeSection.ts","statementMap":{"0":{"start":{"line":7,"column":20},"end":{"line":7,"column":56}},"1":{"start":{"line":9,"column":2},"end":{"line":11,"column":5}},"2":{"start":{"line":10,"column":4},"end":{"line":10,"column":44}},"3":{"start":{"line":13,"column":27},"end":{"line":15,"column":4}},"4":{"start":{"line":14,"column":4},"end":{"line":14,"column":69}},"5":{"start":{"line":17,"column":2},"end":{"line":17,"column":48}},"6":{"start":{"line":20,"column":0},"end":{"line":20,"column":29}}},"fnMap":{"0":{"name":"activeSection","decl":{"start":{"line":6,"column":9},"end":{"line":6,"column":22}},"loc":{"start":{"line":6,"column":53},"end":{"line":18,"column":1}}},"1":{"name":"(anonymous_1)","decl":{"start":{"line":9,"column":20},"end":{"line":9,"column":21}},"loc":{"start":{"line":9,"column":33},"end":{"line":11,"column":3}}},"2":{"name":"(anonymous_2)","decl":{"start":{"line":13,"column":47},"end":{"line":13,"column":48}},"loc":{"start":{"line":13,"column":60},"end":{"line":15,"column":3}}}},"branchMap":{"0":{"loc":{"start":{"line":17,"column":18},"end":{"line":17,"column":20}},"type":"cond-expr","locations":[{"start":{"line":17,"column":18},"end":{"line":17,"column":20}},{"start":{"line":17,"column":2},"end":{"line":17,"column":47}}]},"1":{"loc":{"start":{"line":17,"column":2},"end":{"line":17,"column":20}},"type":"binary-expr","locations":[{"start":{"line":17,"column":2},"end":{"line":17,"column":20}},{"start":{"line":17,"column":2},"end":{"line":17,"column":20}}]}},"s":{"0":0,"1":0,"2":0,"3":0,"4":0,"5":0,"6":1},"f":{"0":0,"1":0,"2":0},"b":{"0":[0,0],"1":[0,0]}}
,"C:\\Users\\Raphael Barbosa\\Desktop\\Pessoal\\vtex_utils_extension\\src\\js\\utils\\cleanNode.ts": {"path":"C:\\Users\\Raphael Barbosa\\Desktop\\Pessoal\\vtex_utils_extension\\src\\js\\utils\\cleanNode.ts","statementMap":{"0":{"start":{"line":2,"column":2},"end":{"line":2,"column":34}},"1":{"start":{"line":2,"column":13},"end":{"line":2,"column":34}},"2":{"start":{"line":5,"column":0},"end":{"line":5,"column":25}}},"fnMap":{"0":{"name":"cleanNode","decl":{"start":{"line":1,"column":9},"end":{"line":1,"column":18}},"loc":{"start":{"line":1,"column":40},"end":{"line":3,"column":1}}}},"branchMap":{"0":{"loc":{"start":{"line":2,"column":2},"end":{"line":2,"column":34}},"type":"if","locations":[{"start":{"line":2,"column":2},"end":{"line":2,"column":34}},{"start":{"line":2,"column":2},"end":{"line":2,"column":34}}]}},"s":{"0":0,"1":0,"2":1},"f":{"0":0},"b":{"0":[0,0]}}
,"C:\\Users\\Raphael Barbosa\\Desktop\\Pessoal\\vtex_utils_extension\\src\\js\\utils\\createCSV.ts": {"path":"C:\\Users\\Raphael Barbosa\\Desktop\\Pessoal\\vtex_utils_extension\\src\\js\\utils\\createCSV.ts","statementMap":{"0":{"start":{"line":2,"column":20},"end":{"line":2,"column":52}},"1":{"start":{"line":3,"column":18},"end":{"line":11,"column":15}},"2":{"start":{"line":5,"column":6},"end":{"line":9,"column":19}},"3":{"start":{"line":7,"column":10},"end":{"line":7,"column":39}},"4":{"start":{"line":13,"column":2},"end":{"line":13,"column":36}},"5":{"start":{"line":16,"column":0},"end":{"line":16,"column":25}}},"fnMap":{"0":{"name":"createCSV","decl":{"start":{"line":1,"column":9},"end":{"line":1,"column":18}},"loc":{"start":{"line":1,"column":35},"end":{"line":14,"column":1}}},"1":{"name":"(anonymous_1)","decl":{"start":{"line":4,"column":9},"end":{"line":4,"column":10}},"loc":{"start":{"line":4,"column":18},"end":{"line":10,"column":5}}},"2":{"name":"(anonymous_2)","decl":{"start":{"line":6,"column":13},"end":{"line":6,"column":14}},"loc":{"start":{"line":6,"column":23},"end":{"line":8,"column":9}}}},"branchMap":{},"s":{"0":0,"1":0,"2":0,"3":0,"4":0,"5":1},"f":{"0":0,"1":0,"2":0},"b":{}}
,"C:\\Users\\Raphael Barbosa\\Desktop\\Pessoal\\vtex_utils_extension\\src\\js\\utils\\currentTab.ts": {"path":"C:\\Users\\Raphael Barbosa\\Desktop\\Pessoal\\vtex_utils_extension\\src\\js\\utils\\currentTab.ts","statementMap":{"0":{"start":{"line":8,"column":2},"end":{"line":17,"column":4}},"1":{"start":{"line":11,"column":6},"end":{"line":14,"column":null}},"2":{"start":{"line":12,"column":8},"end":{"line":12,"column":29}},"3":{"start":{"line":13,"column":8},"end":{"line":13,"column":15}},"4":{"start":{"line":15,"column":6},"end":{"line":15,"column":20}},"5":{"start":{"line":20,"column":0},"end":{"line":20,"column":26}}},"fnMap":{"0":{"name":"currentTab","decl":{"start":{"line":7,"column":9},"end":{"line":7,"column":19}},"loc":{"start":{"line":7,"column":54},"end":{"line":18,"column":1}}},"1":{"name":"(anonymous_1)","decl":{"start":{"line":10,"column":4},"end":{"line":10,"column":5}},"loc":{"start":{"line":10,"column":33},"end":{"line":16,"column":5}}}},"branchMap":{"0":{"loc":{"start":{"line":11,"column":6},"end":{"line":14,"column":null}},"type":"if","locations":[{"start":{"line":11,"column":6},"end":{"line":14,"column":null}},{"start":{"line":11,"column":6},"end":{"line":14,"column":null}}]},"1":{"loc":{"start":{"line":11,"column":14},"end":{"line":11,"column":16}},"type":"cond-expr","locations":[{"start":{"line":11,"column":14},"end":{"line":11,"column":16}},{"start":{"line":11,"column":11},"end":{"line":11,"column":18}}]},"2":{"loc":{"start":{"line":11,"column":11},"end":{"line":11,"column":16}},"type":"binary-expr","locations":[{"start":{"line":11,"column":11},"end":{"line":11,"column":16}},{"start":{"line":11,"column":11},"end":{"line":11,"column":16}}]}},"s":{"0":0,"1":0,"2":0,"3":0,"4":0,"5":3},"f":{"0":0,"1":0},"b":{"0":[0,0],"1":[0,0],"2":[0,0]}}
,"C:\\Users\\Raphael Barbosa\\Desktop\\Pessoal\\vtex_utils_extension\\src\\js\\utils\\getStoreURL.ts": {"path":"C:\\Users\\Raphael Barbosa\\Desktop\\Pessoal\\vtex_utils_extension\\src\\js\\utils\\getStoreURL.ts","statementMap":{"0":{"start":{"line":1,"column":0},"end":{"line":1,"column":34}},"1":{"start":{"line":2,"column":0},"end":{"line":2,"column":38}},"2":{"start":{"line":8,"column":17},"end":{"line":8,"column":19}},"3":{"start":{"line":10,"column":2},"end":{"line":17,"column":5}},"4":{"start":{"line":11,"column":4},"end":{"line":16,"column":7}},"5":{"start":{"line":12,"column":45},"end":{"line":12,"column":58}},"6":{"start":{"line":13,"column":6},"end":{"line":13,"column":43}},"7":{"start":{"line":15,"column":6},"end":{"line":15,"column":24}},"8":{"start":{"line":19,"column":2},"end":{"line":19,"column":18}},"9":{"start":{"line":22,"column":0},"end":{"line":22,"column":27}}},"fnMap":{"0":{"name":"getStoreURL","decl":{"start":{"line":7,"column":15},"end":{"line":7,"column":26}},"loc":{"start":{"line":7,"column":26},"end":{"line":20,"column":1}}},"1":{"name":"(anonymous_2)","decl":{"start":{"line":10,"column":20},"end":{"line":10,"column":21}},"loc":{"start":{"line":10,"column":32},"end":{"line":17,"column":3}}},"2":{"name":"(anonymous_3)","decl":{"start":{"line":11,"column":15},"end":{"line":11,"column":16}},"loc":{"start":{"line":11,"column":27},"end":{"line":16,"column":5}}},"3":{"name":"(anonymous_4)","decl":{"start":{"line":15,"column":14},"end":{"line":15,"column":17}},"loc":{"start":{"line":15,"column":19},"end":{"line":15,"column":22}}}},"branchMap":{"0":{"loc":{"start":{"line":12,"column":25},"end":{"line":12,"column":27}},"type":"default-arg","locations":[{"start":{"line":12,"column":25},"end":{"line":12,"column":27}}]},"1":{"loc":{"start":{"line":12,"column":38},"end":{"line":12,"column":40}},"type":"default-arg","locations":[{"start":{"line":12,"column":38},"end":{"line":12,"column":40}}]}},"s":{"0":1,"1":1,"2":0,"3":0,"4":0,"5":0,"6":0,"7":0,"8":0,"9":1},"f":{"0":0,"1":0,"2":0,"3":0},"b":{"0":[0],"1":[0]}}
,"C:\\Users\\Raphael Barbosa\\Desktop\\Pessoal\\vtex_utils_extension\\src\\js\\utils\\index.ts": {"path":"C:\\Users\\Raphael Barbosa\\Desktop\\Pessoal\\vtex_utils_extension\\src\\js\\utils\\index.ts","statementMap":{"0":{"start":{"line":1,"column":0},"end":{"line":1,"column":9}},"1":{"start":{"line":1,"column":9},"end":{"line":1,"column":29}},"2":{"start":{"line":2,"column":0},"end":{"line":2,"column":9}},"3":{"start":{"line":2,"column":9},"end":{"line":2,"column":33}},"4":{"start":{"line":3,"column":0},"end":{"line":3,"column":9}},"5":{"start":{"line":3,"column":9},"end":{"line":3,"column":30}},"6":{"start":{"line":4,"column":0},"end":{"line":4,"column":9}},"7":{"start":{"line":4,"column":9},"end":{"line":4,"column":28}},"8":{"start":{"line":5,"column":0},"end":{"line":5,"column":9}},"9":{"start":{"line":5,"column":9},"end":{"line":5,"column":31}},"10":{"start":{"line":6,"column":0},"end":{"line":6,"column":9}},"11":{"start":{"line":6,"column":9},"end":{"line":6,"column":28}},"12":{"start":{"line":7,"column":0},"end":{"line":7,"column":9}},"13":{"start":{"line":7,"column":9},"end":{"line":7,"column":25}},"14":{"start":{"line":8,"column":0},"end":{"line":8,"column":9}},"15":{"start":{"line":8,"column":9},"end":{"line":8,"column":31}},"16":{"start":{"line":9,"column":0},"end":{"line":9,"column":9}},"17":{"start":{"line":9,"column":9},"end":{"line":9,"column":36}},"18":{"start":{"line":10,"column":0},"end":{"line":10,"column":9}},"19":{"start":{"line":10,"column":9},"end":{"line":10,"column":29}},"20":{"start":{"line":11,"column":0},"end":{"line":11,"column":9}},"21":{"start":{"line":11,"column":9},"end":{"line":11,"column":32}},"22":{"start":{"line":12,"column":0},"end":{"line":12,"column":9}},"23":{"start":{"line":12,"column":9},"end":{"line":12,"column":34}},"24":{"start":{"line":13,"column":0},"end":{"line":13,"column":9}},"25":{"start":{"line":13,"column":9},"end":{"line":13,"column":32}},"26":{"start":{"line":14,"column":0},"end":{"line":14,"column":9}},"27":{"start":{"line":14,"column":9},"end":{"line":14,"column":29}},"28":{"start":{"line":15,"column":0},"end":{"line":15,"column":9}},"29":{"start":{"line":15,"column":9},"end":{"line":15,"column":26}}},"fnMap":{"0":{"name":"(anonymous_1)","decl":{"start":{"line":1,"column":9},"end":{"line":1,"column":16}},"loc":{"start":{"line":1,"column":9},"end":{"line":1,"column":29}}},"1":{"name":"(anonymous_2)","decl":{"start":{"line":2,"column":9},"end":{"line":2,"column":16}},"loc":{"start":{"line":2,"column":9},"end":{"line":2,"column":33}}},"2":{"name":"(anonymous_3)","decl":{"start":{"line":3,"column":9},"end":{"line":3,"column":16}},"loc":{"start":{"line":3,"column":9},"end":{"line":3,"column":30}}},"3":{"name":"(anonymous_4)","decl":{"start":{"line":4,"column":9},"end":{"line":4,"column":16}},"loc":{"start":{"line":4,"column":9},"end":{"line":4,"column":28}}},"4":{"name":"(anonymous_5)","decl":{"start":{"line":5,"column":9},"end":{"line":5,"column":16}},"loc":{"start":{"line":5,"column":9},"end":{"line":5,"column":31}}},"5":{"name":"(anonymous_6)","decl":{"start":{"line":6,"column":9},"end":{"line":6,"column":16}},"loc":{"start":{"line":6,"column":9},"end":{"line":6,"column":28}}},"6":{"name":"(anonymous_7)","decl":{"start":{"line":7,"column":9},"end":{"line":7,"column":16}},"loc":{"start":{"line":7,"column":9},"end":{"line":7,"column":25}}},"7":{"name":"(anonymous_8)","decl":{"start":{"line":8,"column":9},"end":{"line":8,"column":16}},"loc":{"start":{"line":8,"column":9},"end":{"line":8,"column":31}}},"8":{"name":"(anonymous_9)","decl":{"start":{"line":9,"column":9},"end":{"line":9,"column":16}},"loc":{"start":{"line":9,"column":9},"end":{"line":9,"column":36}}},"9":{"name":"(anonymous_10)","decl":{"start":{"line":10,"column":9},"end":{"line":10,"column":16}},"loc":{"start":{"line":10,"column":9},"end":{"line":10,"column":29}}},"10":{"name":"(anonymous_11)","decl":{"start":{"line":11,"column":9},"end":{"line":11,"column":16}},"loc":{"start":{"line":11,"column":9},"end":{"line":11,"column":32}}},"11":{"name":"(anonymous_12)","decl":{"start":{"line":12,"column":9},"end":{"line":12,"column":16}},"loc":{"start":{"line":12,"column":9},"end":{"line":12,"column":34}}},"12":{"name":"(anonymous_13)","decl":{"start":{"line":13,"column":9},"end":{"line":13,"column":16}},"loc":{"start":{"line":13,"column":9},"end":{"line":13,"column":32}}},"13":{"name":"(anonymous_14)","decl":{"start":{"line":14,"column":9},"end":{"line":14,"column":16}},"loc":{"start":{"line":14,"column":9},"end":{"line":14,"column":29}}},"14":{"name":"(anonymous_15)","decl":{"start":{"line":15,"column":9},"end":{"line":15,"column":16}},"loc":{"start":{"line":15,"column":9},"end":{"line":15,"column":26}}}},"branchMap":{},"s":{"0":1,"1":1,"2":1,"3":1,"4":1,"5":1,"6":1,"7":6,"8":1,"9":1,"10":1,"11":1,"12":1,"13":1,"14":1,"15":1,"16":1,"17":1,"18":1,"19":1,"20":1,"21":1,"22":1,"23":1,"24":1,"25":1,"26":1,"27":1,"28":1,"29":1},"f":{"0":0,"1":0,"2":0,"3":5,"4":0,"5":0,"6":0,"7":0,"8":0,"9":0,"10":0,"11":0,"12":0,"13":0,"14":0},"b":{}}
,"C:\\Users\\Raphael Barbosa\\Desktop\\Pessoal\\vtex_utils_extension\\src\\js\\utils\\isPDP.ts": {"path":"C:\\Users\\Raphael Barbosa\\Desktop\\Pessoal\\vtex_utils_extension\\src\\js\\utils\\isPDP.ts","statementMap":{"0":{"start":{"line":1,"column":0},"end":{"line":1,"column":38}},"1":{"start":{"line":2,"column":0},"end":{"line":2,"column":34}},"2":{"start":{"line":5,"column":22},"end":{"line":5,"column":27}},"3":{"start":{"line":7,"column":2},"end":{"line":13,"column":5}},"4":{"start":{"line":8,"column":4},"end":{"line":12,"column":7}},"5":{"start":{"line":9,"column":25},"end":{"line":9,"column":38}},"6":{"start":{"line":10,"column":6},"end":{"line":10,"column":51}},"7":{"start":{"line":11,"column":6},"end":{"line":11,"column":25}},"8":{"start":{"line":15,"column":2},"end":{"line":15,"column":23}},"9":{"start":{"line":18,"column":0},"end":{"line":18,"column":21}}},"fnMap":{"0":{"name":"isPDP","decl":{"start":{"line":4,"column":15},"end":{"line":4,"column":20}},"loc":{"start":{"line":4,"column":20},"end":{"line":16,"column":1}}},"1":{"name":"(anonymous_2)","decl":{"start":{"line":7,"column":20},"end":{"line":7,"column":21}},"loc":{"start":{"line":7,"column":32},"end":{"line":13,"column":3}}},"2":{"name":"(anonymous_3)","decl":{"start":{"line":8,"column":15},"end":{"line":8,"column":16}},"loc":{"start":{"line":8,"column":27},"end":{"line":12,"column":5}}},"3":{"name":"(anonymous_4)","decl":{"start":{"line":11,"column":14},"end":{"line":11,"column":17}},"loc":{"start":{"line":11,"column":19},"end":{"line":11,"column":23}}}},"branchMap":{"0":{"loc":{"start":{"line":10,"column":45},"end":{"line":10,"column":48}},"type":"cond-expr","locations":[{"start":{"line":10,"column":45},"end":{"line":10,"column":48}},{"start":{"line":10,"column":45},"end":{"line":10,"column":50}}]},"1":{"loc":{"start":{"line":10,"column":24},"end":{"line":10,"column":48}},"type":"binary-expr","locations":[{"start":{"line":10,"column":24},"end":{"line":10,"column":48}},{"start":{"line":10,"column":45},"end":{"line":10,"column":48}}]},"2":{"loc":{"start":{"line":10,"column":30},"end":{"line":10,"column":32}},"type":"cond-expr","locations":[{"start":{"line":10,"column":30},"end":{"line":10,"column":32}},{"start":{"line":10,"column":24},"end":{"line":10,"column":45}}]},"3":{"loc":{"start":{"line":10,"column":24},"end":{"line":10,"column":32}},"type":"binary-expr","locations":[{"start":{"line":10,"column":24},"end":{"line":10,"column":32}},{"start":{"line":10,"column":24},"end":{"line":10,"column":32}}]}},"s":{"0":2,"1":2,"2":1,"3":1,"4":1,"5":0,"6":0,"7":0,"8":0,"9":2},"f":{"0":1,"1":1,"2":0,"3":0},"b":{"0":[0,0],"1":[0,0],"2":[0,0],"3":[0,0]}}
,"C:\\Users\\Raphael Barbosa\\Desktop\\Pessoal\\vtex_utils_extension\\src\\js\\utils\\isVTEX.ts": {"path":"C:\\Users\\Raphael Barbosa\\Desktop\\Pessoal\\vtex_utils_extension\\src\\js\\utils\\isVTEX.ts","statementMap":{"0":{"start":{"line":1,"column":0},"end":{"line":1,"column":58}},"1":{"start":{"line":4,"column":15},"end":{"line":4,"column":19}},"2":{"start":{"line":6,"column":2},"end":{"line":14,"column":null}},"3":{"start":{"line":7,"column":4},"end":{"line":7,"column":null}},"4":{"start":{"line":8,"column":4},"end":{"line":13,"column":null}},"5":{"start":{"line":9,"column":6},"end":{"line":11,"column":null}},"6":{"start":{"line":10,"column":8},"end":{"line":10,"column":23}},"7":{"start":{"line":12,"column":6},"end":{"line":12,"column":25}},"8":{"start":{"line":16,"column":2},"end":{"line":16,"column":16}},"9":{"start":{"line":19,"column":0},"end":{"line":19,"column":22}}},"fnMap":{"0":{"name":"isVTEX","decl":{"start":{"line":3,"column":15},"end":{"line":3,"column":21}},"loc":{"start":{"line":3,"column":21},"end":{"line":17,"column":1}}},"1":{"name":"(anonymous_2)","decl":{"start":{"line":6,"column":20},"end":{"line":6,"column":21}},"loc":{"start":{"line":6,"column":32},"end":{"line":14,"column":3}}},"2":{"name":"(anonymous_3)","decl":{"start":{"line":8,"column":41},"end":{"line":8,"column":42}},"loc":{"start":{"line":8,"column":56},"end":{"line":13,"column":5}}},"3":{"name":"(anonymous_4)","decl":{"start":{"line":12,"column":14},"end":{"line":12,"column":17}},"loc":{"start":{"line":12,"column":19},"end":{"line":12,"column":23}}}},"branchMap":{"0":{"loc":{"start":{"line":9,"column":6},"end":{"line":11,"column":null}},"type":"if","locations":[{"start":{"line":9,"column":6},"end":{"line":11,"column":null}},{"start":{"line":9,"column":6},"end":{"line":11,"column":null}}]}},"s":{"0":1,"1":0,"2":0,"3":0,"4":0,"5":0,"6":0,"7":0,"8":0,"9":1},"f":{"0":0,"1":0,"2":0,"3":0},"b":{"0":[0,0]}}
,"C:\\Users\\Raphael Barbosa\\Desktop\\Pessoal\\vtex_utils_extension\\src\\js\\utils\\parseCookies.ts": {"path":"C:\\Users\\Raphael Barbosa\\Desktop\\Pessoal\\vtex_utils_extension\\src\\js\\utils\\parseCookies.ts","statementMap":{"0":{"start":{"line":3,"column":24},"end":{"line":3,"column":60}},"1":{"start":{"line":4,"column":2},"end":{"line":4,"column":35}},"2":{"start":{"line":4,"column":25},"end":{"line":4,"column":35}},"3":{"start":{"line":6,"column":21},"end":{"line":6,"column":39}},"4":{"start":{"line":8,"column":23},"end":{"line":16,"column":8}},"5":{"start":{"line":9,"column":25},"end":{"line":9,"column":42}},"6":{"start":{"line":11,"column":4},"end":{"line":11,"column":25}},"7":{"start":{"line":11,"column":14},"end":{"line":11,"column":25}},"8":{"start":{"line":12,"column":4},"end":{"line":15,"column":6}},"9":{"start":{"line":18,"column":2},"end":{"line":18,"column":22}},"10":{"start":{"line":21,"column":0},"end":{"line":21,"column":28}}},"fnMap":{"0":{"name":"parseCookies","decl":{"start":{"line":1,"column":9},"end":{"line":1,"column":21}},"loc":{"start":{"line":1,"column":37},"end":{"line":19,"column":1}}},"1":{"name":"(anonymous_1)","decl":{"start":{"line":8,"column":41},"end":{"line":8,"column":42}},"loc":{"start":{"line":8,"column":57},"end":{"line":16,"column":3}}}},"branchMap":{"0":{"loc":{"start":{"line":3,"column":24},"end":{"line":3,"column":55}},"type":"binary-expr","locations":[{"start":{"line":3,"column":24},"end":{"line":3,"column":55}},{"start":{"line":3,"column":59},"end":{"line":3,"column":60}}]},"1":{"loc":{"start":{"line":3,"column":47},"end":{"line":3,"column":49}},"type":"cond-expr","locations":[{"start":{"line":3,"column":47},"end":{"line":3,"column":49}},{"start":{"line":3,"column":47},"end":{"line":3,"column":55}}]},"2":{"loc":{"start":{"line":3,"column":24},"end":{"line":3,"column":49}},"type":"binary-expr","locations":[{"start":{"line":3,"column":24},"end":{"line":3,"column":49}},{"start":{"line":3,"column":47},"end":{"line":3,"column":49}}]},"3":{"loc":{"start":{"line":4,"column":2},"end":{"line":4,"column":35}},"type":"if","locations":[{"start":{"line":4,"column":2},"end":{"line":4,"column":35}},{"start":{"line":4,"column":2},"end":{"line":4,"column":35}}]},"4":{"loc":{"start":{"line":11,"column":4},"end":{"line":11,"column":25}},"type":"if","locations":[{"start":{"line":11,"column":4},"end":{"line":11,"column":25}},{"start":{"line":11,"column":4},"end":{"line":11,"column":25}}]}},"s":{"0":2,"1":2,"2":1,"3":1,"4":1,"5":13,"6":13,"7":1,"8":12,"9":1,"10":2},"f":{"0":2,"1":13},"b":{"0":[2,1],"1":[1,1],"2":[2,1],"3":[1,1],"4":[1,12]}}
,"C:\\Users\\Raphael Barbosa\\Desktop\\Pessoal\\vtex_utils_extension\\src\\js\\utils\\runOnTab.ts": {"path":"C:\\Users\\Raphael Barbosa\\Desktop\\Pessoal\\vtex_utils_extension\\src\\js\\utils\\runOnTab.ts","statementMap":{"0":{"start":{"line":2,"column":0},"end":{"line":2,"column":38}},"1":{"start":{"line":5,"column":2},"end":{"line":14,"column":5}},"2":{"start":{"line":6,"column":4},"end":{"line":6,"column":25}},"3":{"start":{"line":6,"column":18},"end":{"line":6,"column":25}},"4":{"start":{"line":8,"column":4},"end":{"line":13,"column":7}},"5":{"start":{"line":17,"column":0},"end":{"line":17,"column":24}}},"fnMap":{"0":{"name":"runOnTab","decl":{"start":{"line":4,"column":9},"end":{"line":4,"column":17}},"loc":{"start":{"line":4,"column":36},"end":{"line":15,"column":1}}},"1":{"name":"(anonymous_2)","decl":{"start":{"line":5,"column":13},"end":{"line":5,"column":14}},"loc":{"start":{"line":5,"column":21},"end":{"line":14,"column":3}}}},"branchMap":{"0":{"loc":{"start":{"line":6,"column":4},"end":{"line":6,"column":25}},"type":"if","locations":[{"start":{"line":6,"column":4},"end":{"line":6,"column":25}},{"start":{"line":6,"column":4},"end":{"line":6,"column":25}}]},"1":{"loc":{"start":{"line":6,"column":12},"end":{"line":6,"column":14}},"type":"cond-expr","locations":[{"start":{"line":6,"column":12},"end":{"line":6,"column":14}},{"start":{"line":6,"column":9},"end":{"line":6,"column":16}}]},"2":{"loc":{"start":{"line":6,"column":9},"end":{"line":6,"column":14}},"type":"binary-expr","locations":[{"start":{"line":6,"column":9},"end":{"line":6,"column":14}},{"start":{"line":6,"column":9},"end":{"line":6,"column":14}}]}},"s":{"0":1,"1":0,"2":0,"3":0,"4":0,"5":1},"f":{"0":0,"1":0},"b":{"0":[0,0],"1":[0,0],"2":[0,0]}}
,"C:\\Users\\Raphael Barbosa\\Desktop\\Pessoal\\vtex_utils_extension\\src\\js\\utils\\setCookie.ts": {"path":"C:\\Users\\Raphael Barbosa\\Desktop\\Pessoal\\vtex_utils_extension\\src\\js\\utils\\setCookie.ts","statementMap":{"0":{"start":{"line":10,"column":2},"end":{"line":15,"column":5}},"1":{"start":{"line":18,"column":0},"end":{"line":18,"column":25}}},"fnMap":{"0":{"name":"setCookie","decl":{"start":{"line":9,"column":9},"end":{"line":9,"column":18}},"loc":{"start":{"line":9,"column":70},"end":{"line":16,"column":1}}}},"branchMap":{"0":{"loc":{"start":{"line":9,"column":56},"end":{"line":9,"column":60}},"type":"default-arg","locations":[{"start":{"line":9,"column":56},"end":{"line":9,"column":60}}]},"1":{"loc":{"start":{"line":14,"column":20},"end":{"line":14,"column":34}},"type":"cond-expr","locations":[{"start":{"line":14,"column":20},"end":{"line":14,"column":34}},{"start":{"line":14,"column":38},"end":{"line":14,"column":74}}]},"2":{"loc":{"start":{"line":14,"column":20},"end":{"line":14,"column":38}},"type":"binary-expr","locations":[{"start":{"line":14,"column":20},"end":{"line":14,"column":38}},{"start":{"line":14,"column":20},"end":{"line":14,"column":38}}]}},"s":{"0":0,"1":1},"f":{"0":0},"b":{"0":[0],"1":[0,0],"2":[0,0]}}
,"C:\\Users\\Raphael Barbosa\\Desktop\\Pessoal\\vtex_utils_extension\\src\\js\\utils\\stripURL.ts": {"path":"C:\\Users\\Raphael Barbosa\\Desktop\\Pessoal\\vtex_utils_extension\\src\\js\\utils\\stripURL.ts","statementMap":{"0":{"start":{"line":10,"column":4},"end":{"line":10,"column":138}},"1":{"start":{"line":12,"column":2},"end":{"line":18,"column":null}},"2":{"start":{"line":13,"column":23},"end":{"line":13,"column":43}},"3":{"start":{"line":15,"column":4},"end":{"line":17,"column":6}},"4":{"start":{"line":20,"column":2},"end":{"line":20,"column":12}},"5":{"start":{"line":23,"column":0},"end":{"line":23,"column":24}}},"fnMap":{"0":{"name":"stripURL","decl":{"start":{"line":8,"column":9},"end":{"line":8,"column":17}},"loc":{"start":{"line":8,"column":39},"end":{"line":21,"column":1}}}},"branchMap":{"0":{"loc":{"start":{"line":12,"column":2},"end":{"line":18,"column":null}},"type":"if","locations":[{"start":{"line":12,"column":2},"end":{"line":18,"column":null}},{"start":{"line":12,"column":2},"end":{"line":18,"column":null}}]},"1":{"loc":{"start":{"line":16,"column":19},"end":{"line":16,"column":21}},"type":"cond-expr","locations":[{"start":{"line":16,"column":19},"end":{"line":16,"column":21}},{"start":{"line":16,"column":9},"end":{"line":16,"column":27}}]},"2":{"loc":{"start":{"line":16,"column":9},"end":{"line":16,"column":21}},"type":"binary-expr","locations":[{"start":{"line":16,"column":9},"end":{"line":16,"column":21}},{"start":{"line":16,"column":9},"end":{"line":16,"column":21}}]}},"s":{"0":5,"1":5,"2":5,"3":5,"4":0,"5":2},"f":{"0":5},"b":{"0":[5,0],"1":[1,4],"2":[5,4]}}
,"C:\\Users\\Raphael Barbosa\\Desktop\\Pessoal\\vtex_utils_extension\\src\\js\\utils\\dispatch\\dispatchOrderForm.ts": {"path":"C:\\Users\\Raphael Barbosa\\Desktop\\Pessoal\\vtex_utils_extension\\src\\js\\utils\\dispatch\\dispatchOrderForm.ts","statementMap":{"0":{"start":{"line":1,"column":0},"end":{"line":1,"column":35}},"1":{"start":{"line":4,"column":2},"end":{"line":19,"column":5}},"2":{"start":{"line":5,"column":4},"end":{"line":8,"column":null}},"3":{"start":{"line":6,"column":6},"end":{"line":6,"column":null}},"4":{"start":{"line":7,"column":6},"end":{"line":7,"column":13}},"5":{"start":{"line":9,"column":17},"end":{"line":9,"column":59}},"6":{"start":{"line":10,"column":22},"end":{"line":10,"column":39}},"7":{"start":{"line":12,"column":4},"end":{"line":12,"column":27}},"8":{"start":{"line":12,"column":20},"end":{"line":12,"column":27}},"9":{"start":{"line":14,"column":4},"end":{"line":17,"column":7}},"10":{"start":{"line":22,"column":0},"end":{"line":22,"column":33}}},"fnMap":{"0":{"name":"dispatchOrderForm","decl":{"start":{"line":3,"column":9},"end":{"line":3,"column":26}},"loc":{"start":{"line":3,"column":26},"end":{"line":20,"column":1}}},"1":{"name":"(anonymous_2)","decl":{"start":{"line":4,"column":11},"end":{"line":4,"column":16}},"loc":{"start":{"line":4,"column":22},"end":{"line":19,"column":3}}}},"branchMap":{"0":{"loc":{"start":{"line":5,"column":4},"end":{"line":8,"column":null}},"type":"if","locations":[{"start":{"line":5,"column":4},"end":{"line":8,"column":null}},{"start":{"line":5,"column":4},"end":{"line":8,"column":null}}]},"1":{"loc":{"start":{"line":12,"column":4},"end":{"line":12,"column":27}},"type":"if","locations":[{"start":{"line":12,"column":4},"end":{"line":12,"column":27}},{"start":{"line":12,"column":4},"end":{"line":12,"column":27}}]}},"s":{"0":1,"1":0,"2":0,"3":0,"4":0,"5":0,"6":0,"7":0,"8":0,"9":0,"10":1},"f":{"0":0,"1":0},"b":{"0":[0,0],"1":[0,0]}}
,"C:\\Users\\Raphael Barbosa\\Desktop\\Pessoal\\vtex_utils_extension\\src\\js\\utils\\dispatch\\dispatchProductData.ts": {"path":"C:\\Users\\Raphael Barbosa\\Desktop\\Pessoal\\vtex_utils_extension\\src\\js\\utils\\dispatch\\dispatchProductData.ts","statementMap":{"0":{"start":{"line":1,"column":0},"end":{"line":1,"column":35}},"1":{"start":{"line":4,"column":2},"end":{"line":33,"column":5}},"2":{"start":{"line":5,"column":17},"end":{"line":5,"column":51}},"3":{"start":{"line":7,"column":19},"end":{"line":7,"column":52}},"4":{"start":{"line":9,"column":17},"end":{"line":10,"column":null}},"5":{"start":{"line":10,"column":6},"end":{"line":10,"column":46}},"6":{"start":{"line":14,"column":6},"end":{"line":16,"column":45}},"7":{"start":{"line":18,"column":20},"end":{"line":18,"column":48}},"8":{"start":{"line":19,"column":22},"end":{"line":19,"column":40}},"9":{"start":{"line":21,"column":4},"end":{"line":21,"column":27}},"10":{"start":{"line":21,"column":20},"end":{"line":21,"column":27}},"11":{"start":{"line":23,"column":17},"end":{"line":24,"column":null}},"12":{"start":{"line":26,"column":22},"end":{"line":26,"column":39}},"13":{"start":{"line":29,"column":4},"end":{"line":32,"column":7}},"14":{"start":{"line":36,"column":0},"end":{"line":36,"column":35}}},"fnMap":{"0":{"name":"dispatchProductData","decl":{"start":{"line":3,"column":9},"end":{"line":3,"column":28}},"loc":{"start":{"line":3,"column":28},"end":{"line":34,"column":1}}},"1":{"name":"(anonymous_2)","decl":{"start":{"line":4,"column":11},"end":{"line":4,"column":16}},"loc":{"start":{"line":4,"column":22},"end":{"line":33,"column":3}}},"2":{"name":"(anonymous_3)","decl":{"start":{"line":9,"column":34},"end":{"line":9,"column":35}},"loc":{"start":{"line":10,"column":6},"end":{"line":10,"column":46}}}},"branchMap":{"0":{"loc":{"start":{"line":15,"column":10},"end":{"line":15,"column":39}},"type":"cond-expr","locations":[{"start":{"line":15,"column":10},"end":{"line":15,"column":39}},{"start":{"line":16,"column":10},"end":{"line":16,"column":45}}]},"1":{"loc":{"start":{"line":18,"column":40},"end":{"line":18,"column":42}},"type":"cond-expr","locations":[{"start":{"line":18,"column":40},"end":{"line":18,"column":42}},{"start":{"line":18,"column":40},"end":{"line":18,"column":48}}]},"2":{"loc":{"start":{"line":18,"column":20},"end":{"line":18,"column":42}},"type":"binary-expr","locations":[{"start":{"line":18,"column":20},"end":{"line":18,"column":42}},{"start":{"line":18,"column":40},"end":{"line":18,"column":42}}]},"3":{"loc":{"start":{"line":19,"column":29},"end":{"line":19,"column":31}},"type":"cond-expr","locations":[{"start":{"line":19,"column":29},"end":{"line":19,"column":31}},{"start":{"line":19,"column":22},"end":{"line":19,"column":40}}]},"4":{"loc":{"start":{"line":19,"column":22},"end":{"line":19,"column":31}},"type":"binary-expr","locations":[{"start":{"line":19,"column":22},"end":{"line":19,"column":31}},{"start":{"line":19,"column":22},"end":{"line":19,"column":31}}]},"5":{"loc":{"start":{"line":21,"column":4},"end":{"line":21,"column":27}},"type":"if","locations":[{"start":{"line":21,"column":4},"end":{"line":21,"column":27}},{"start":{"line":21,"column":4},"end":{"line":21,"column":27}}]}},"s":{"0":1,"1":0,"2":0,"3":0,"4":0,"5":0,"6":0,"7":0,"8":0,"9":0,"10":0,"11":0,"12":0,"13":0,"14":1},"f":{"0":0,"1":0,"2":0},"b":{"0":[0,0],"1":[0,0],"2":[0,0],"3":[0,0],"4":[0,0],"5":[0,0]}}
,"C:\\Users\\Raphael Barbosa\\Desktop\\Pessoal\\vtex_utils_extension\\src\\js\\utils\\dispatch\\dispatchVtexInfo.ts": {"path":"C:\\Users\\Raphael Barbosa\\Desktop\\Pessoal\\vtex_utils_extension\\src\\js\\utils\\dispatch\\dispatchVtexInfo.ts","statementMap":{"0":{"start":{"line":1,"column":0},"end":{"line":1,"column":35}},"1":{"start":{"line":4,"column":2},"end":{"line":40,"column":5}},"2":{"start":{"line":5,"column":17},"end":{"line":5,"column":51}},"3":{"start":{"line":6,"column":19},"end":{"line":6,"column":52}},"4":{"start":{"line":8,"column":4},"end":{"line":11,"column":null}},"5":{"start":{"line":9,"column":6},"end":{"line":9,"column":58}},"6":{"start":{"line":10,"column":6},"end":{"line":10,"column":13}},"7":{"start":{"line":13,"column":26},"end":{"line":17,"column":13}},"8":{"start":{"line":14,"column":6},"end":{"line":14,"column":46}},"9":{"start":{"line":20,"column":6},"end":{"line":22,"column":59}},"10":{"start":{"line":24,"column":20},"end":{"line":24,"column":48}},"11":{"start":{"line":26,"column":4},"end":{"line":26,"column":35}},"12":{"start":{"line":26,"column":28},"end":{"line":26,"column":35}},"13":{"start":{"line":28,"column":21},"end":{"line":28,"column":49}},"14":{"start":{"line":31,"column":4},"end":{"line":39,"column":7}},"15":{"start":{"line":43,"column":0},"end":{"line":43,"column":32}}},"fnMap":{"0":{"name":"dispatchVtexInfo","decl":{"start":{"line":3,"column":9},"end":{"line":3,"column":25}},"loc":{"start":{"line":3,"column":25},"end":{"line":41,"column":1}}},"1":{"name":"(anonymous_2)","decl":{"start":{"line":4,"column":11},"end":{"line":4,"column":14}},"loc":{"start":{"line":4,"column":16},"end":{"line":40,"column":3}}},"2":{"name":"(anonymous_3)","decl":{"start":{"line":13,"column":43},"end":{"line":13,"column":44}},"loc":{"start":{"line":14,"column":6},"end":{"line":14,"column":46}}}},"branchMap":{"0":{"loc":{"start":{"line":8,"column":4},"end":{"line":11,"column":null}},"type":"if","locations":[{"start":{"line":8,"column":4},"end":{"line":11,"column":null}},{"start":{"line":8,"column":4},"end":{"line":11,"column":null}}]},"1":{"loc":{"start":{"line":16,"column":8},"end":{"line":16,"column":12}},"type":"cond-expr","locations":[{"start":{"line":16,"column":8},"end":{"line":16,"column":12}},{"start":{"line":17,"column":8},"end":{"line":17,"column":13}}]},"2":{"loc":{"start":{"line":21,"column":10},"end":{"line":21,"column":46}},"type":"cond-expr","locations":[{"start":{"line":21,"column":10},"end":{"line":21,"column":46}},{"start":{"line":22,"column":10},"end":{"line":22,"column":59}}]},"3":{"loc":{"start":{"line":24,"column":40},"end":{"line":24,"column":42}},"type":"cond-expr","locations":[{"start":{"line":24,"column":40},"end":{"line":24,"column":42}},{"start":{"line":24,"column":40},"end":{"line":24,"column":48}}]},"4":{"loc":{"start":{"line":24,"column":20},"end":{"line":24,"column":42}},"type":"binary-expr","locations":[{"start":{"line":24,"column":20},"end":{"line":24,"column":42}},{"start":{"line":24,"column":40},"end":{"line":24,"column":42}}]},"5":{"loc":{"start":{"line":26,"column":4},"end":{"line":26,"column":35}},"type":"if","locations":[{"start":{"line":26,"column":4},"end":{"line":26,"column":35}},{"start":{"line":26,"column":4},"end":{"line":26,"column":35}}]},"6":{"loc":{"start":{"line":26,"column":16},"end":{"line":26,"column":18}},"type":"cond-expr","locations":[{"start":{"line":26,"column":16},"end":{"line":26,"column":18}},{"start":{"line":26,"column":9},"end":{"line":26,"column":26}}]},"7":{"loc":{"start":{"line":26,"column":9},"end":{"line":26,"column":18}},"type":"binary-expr","locations":[{"start":{"line":26,"column":9},"end":{"line":26,"column":18}},{"start":{"line":26,"column":9},"end":{"line":26,"column":18}}]}},"s":{"0":1,"1":0,"2":0,"3":0,"4":0,"5":0,"6":0,"7":0,"8":0,"9":0,"10":0,"11":0,"12":0,"13":0,"14":0,"15":1},"f":{"0":0,"1":0,"2":0},"b":{"0":[0,0],"1":[0,0],"2":[0,0],"3":[0,0],"4":[0,0],"5":[0,0],"6":[0,0],"7":[0,0]}}
,"C:\\Users\\Raphael Barbosa\\Desktop\\Pessoal\\vtex_utils_extension\\src\\js\\utils\\vtex\\getOrderForm.ts": {"path":"C:\\Users\\Raphael Barbosa\\Desktop\\Pessoal\\vtex_utils_extension\\src\\js\\utils\\vtex\\getOrderForm.ts","statementMap":{"0":{"start":{"line":2,"column":0},"end":{"line":2,"column":62}},"1":{"start":{"line":5,"column":2},"end":{"line":5,"column":22}},"2":{"start":{"line":7,"column":2},"end":{"line":13,"column":4}},"3":{"start":{"line":9,"column":6},"end":{"line":11,"column":null}},"4":{"start":{"line":10,"column":8},"end":{"line":10,"column":28}},"5":{"start":{"line":16,"column":0},"end":{"line":16,"column":28}}},"fnMap":{"0":{"name":"getOrderForm","decl":{"start":{"line":4,"column":9},"end":{"line":4,"column":21}},"loc":{"start":{"line":4,"column":51},"end":{"line":14,"column":1}}},"1":{"name":"(anonymous_2)","decl":{"start":{"line":8,"column":4},"end":{"line":8,"column":5}},"loc":{"start":{"line":8,"column":72},"end":{"line":12,"column":5}}}},"branchMap":{"0":{"loc":{"start":{"line":9,"column":6},"end":{"line":11,"column":null}},"type":"if","locations":[{"start":{"line":9,"column":6},"end":{"line":11,"column":null}},{"start":{"line":9,"column":6},"end":{"line":11,"column":null}}]}},"s":{"0":1,"1":0,"2":0,"3":0,"4":0,"5":1},"f":{"0":0,"1":0},"b":{"0":[0,0]}}
,"C:\\Users\\Raphael Barbosa\\Desktop\\Pessoal\\vtex_utils_extension\\src\\js\\utils\\vtex\\getProductData.ts": {"path":"C:\\Users\\Raphael Barbosa\\Desktop\\Pessoal\\vtex_utils_extension\\src\\js\\utils\\vtex\\getProductData.ts","statementMap":{"0":{"start":{"line":2,"column":0},"end":{"line":2,"column":66}},"1":{"start":{"line":5,"column":2},"end":{"line":5,"column":24}},"2":{"start":{"line":7,"column":2},"end":{"line":13,"column":4}},"3":{"start":{"line":9,"column":6},"end":{"line":11,"column":null}},"4":{"start":{"line":10,"column":8},"end":{"line":10,"column":26}},"5":{"start":{"line":16,"column":0},"end":{"line":16,"column":30}}},"fnMap":{"0":{"name":"getProductData","decl":{"start":{"line":4,"column":9},"end":{"line":4,"column":23}},"loc":{"start":{"line":4,"column":55},"end":{"line":14,"column":1}}},"1":{"name":"(anonymous_2)","decl":{"start":{"line":8,"column":4},"end":{"line":8,"column":5}},"loc":{"start":{"line":8,"column":70},"end":{"line":12,"column":5}}}},"branchMap":{"0":{"loc":{"start":{"line":9,"column":6},"end":{"line":11,"column":null}},"type":"if","locations":[{"start":{"line":9,"column":6},"end":{"line":11,"column":null}},{"start":{"line":9,"column":6},"end":{"line":11,"column":null}}]}},"s":{"0":1,"1":0,"2":0,"3":0,"4":0,"5":1},"f":{"0":0,"1":0},"b":{"0":[0,0]}}
,"C:\\Users\\Raphael Barbosa\\Desktop\\Pessoal\\vtex_utils_extension\\src\\js\\utils\\vtex\\getVtexInfo.ts": {"path":"C:\\Users\\Raphael Barbosa\\Desktop\\Pessoal\\vtex_utils_extension\\src\\js\\utils\\vtex\\getVtexInfo.ts","statementMap":{"0":{"start":{"line":2,"column":0},"end":{"line":2,"column":60}},"1":{"start":{"line":5,"column":2},"end":{"line":11,"column":4}},"2":{"start":{"line":7,"column":6},"end":{"line":9,"column":null}},"3":{"start":{"line":8,"column":8},"end":{"line":8,"column":27}},"4":{"start":{"line":12,"column":2},"end":{"line":12,"column":21}},"5":{"start":{"line":15,"column":0},"end":{"line":15,"column":27}}},"fnMap":{"0":{"name":"getVtexInfo","decl":{"start":{"line":4,"column":9},"end":{"line":4,"column":20}},"loc":{"start":{"line":4,"column":50},"end":{"line":13,"column":1}}},"1":{"name":"(anonymous_2)","decl":{"start":{"line":6,"column":4},"end":{"line":6,"column":5}},"loc":{"start":{"line":6,"column":70},"end":{"line":10,"column":5}}}},"branchMap":{"0":{"loc":{"start":{"line":7,"column":6},"end":{"line":9,"column":null}},"type":"if","locations":[{"start":{"line":7,"column":6},"end":{"line":9,"column":null}},{"start":{"line":7,"column":6},"end":{"line":9,"column":null}}]}},"s":{"0":1,"1":0,"2":0,"3":0,"4":0,"5":1},"f":{"0":0,"1":0},"b":{"0":[0,0]}}
}
