TN:
SF:src\js\utils\activeSection.ts
FN:6,activeSection
FN:9,(anonymous_1)
FN:13,(anonymous_2)
FNF:3
FNH:0
FNDA:0,activeSection
FNDA:0,(anonymous_1)
FNDA:0,(anonymous_2)
DA:7,0
DA:9,0
DA:10,0
DA:13,0
DA:14,0
DA:17,0
DA:20,1
LF:7
LH:1
BRDA:17,0,0,0
BRDA:17,0,1,0
BRDA:17,1,0,0
BRDA:17,1,1,0
BRF:4
BRH:0
end_of_record
TN:
SF:src\js\utils\cleanNode.ts
FN:1,cleanNode
FNF:1
FNH:0
FNDA:0,cleanNode
DA:2,0
DA:5,1
LF:2
LH:1
BRDA:2,0,0,0
BRDA:2,0,1,0
BRF:2
BRH:0
end_of_record
TN:
SF:src\js\utils\createCSV.ts
FN:1,createCSV
FN:4,(anonymous_1)
FN:6,(anonymous_2)
FNF:3
FNH:0
FNDA:0,createCSV
FNDA:0,(anonymous_1)
FNDA:0,(anonymous_2)
DA:2,0
DA:3,0
DA:5,0
DA:7,0
DA:13,0
DA:16,1
LF:6
LH:1
BRF:0
BRH:0
end_of_record
TN:
SF:src\js\utils\currentTab.ts
FN:7,currentTab
FN:10,(anonymous_1)
FNF:2
FNH:0
FNDA:0,currentTab
FNDA:0,(anonymous_1)
DA:8,0
DA:11,0
DA:12,0
DA:13,0
DA:15,0
DA:20,3
LF:6
LH:1
BRDA:11,0,0,0
BRDA:11,0,1,0
BRDA:11,1,0,0
BRDA:11,1,1,0
BRDA:11,2,0,0
BRDA:11,2,1,0
BRF:6
BRH:0
end_of_record
TN:
SF:src\js\utils\getStoreURL.ts
FN:7,getStoreURL
FN:10,(anonymous_2)
FN:11,(anonymous_3)
FN:15,(anonymous_4)
FNF:4
FNH:0
FNDA:0,getStoreURL
FNDA:0,(anonymous_2)
FNDA:0,(anonymous_3)
FNDA:0,(anonymous_4)
DA:1,1
DA:2,1
DA:8,0
DA:10,0
DA:11,0
DA:12,0
DA:13,0
DA:15,0
DA:19,0
DA:22,1
LF:10
LH:3
BRDA:12,0,0,0
BRDA:12,1,0,0
BRF:2
BRH:0
end_of_record
TN:
SF:src\js\utils\index.ts
FN:1,(anonymous_1)
FN:2,(anonymous_2)
FN:3,(anonymous_3)
FN:4,(anonymous_4)
FN:5,(anonymous_5)
FN:6,(anonymous_6)
FN:7,(anonymous_7)
FN:8,(anonymous_8)
FN:9,(anonymous_9)
FN:10,(anonymous_10)
FN:11,(anonymous_11)
FN:12,(anonymous_12)
FN:13,(anonymous_13)
FN:14,(anonymous_14)
FN:15,(anonymous_15)
FNF:15
FNH:1
FNDA:0,(anonymous_1)
FNDA:0,(anonymous_2)
FNDA:0,(anonymous_3)
FNDA:5,(anonymous_4)
FNDA:0,(anonymous_5)
FNDA:0,(anonymous_6)
FNDA:0,(anonymous_7)
FNDA:0,(anonymous_8)
FNDA:0,(anonymous_9)
FNDA:0,(anonymous_10)
FNDA:0,(anonymous_11)
FNDA:0,(anonymous_12)
FNDA:0,(anonymous_13)
FNDA:0,(anonymous_14)
FNDA:0,(anonymous_15)
DA:1,1
DA:2,1
DA:3,1
DA:4,6
DA:5,1
DA:6,1
DA:7,1
DA:8,1
DA:9,1
DA:10,1
DA:11,1
DA:12,1
DA:13,1
DA:14,1
DA:15,1
LF:15
LH:15
BRF:0
BRH:0
end_of_record
TN:
SF:src\js\utils\isPDP.ts
FN:4,isPDP
FN:7,(anonymous_2)
FN:8,(anonymous_3)
FN:11,(anonymous_4)
FNF:4
FNH:2
FNDA:1,isPDP
FNDA:1,(anonymous_2)
FNDA:0,(anonymous_3)
FNDA:0,(anonymous_4)
DA:1,2
DA:2,2
DA:5,1
DA:7,1
DA:8,1
DA:9,0
DA:10,0
DA:11,0
DA:15,0
DA:18,2
LF:10
LH:6
BRDA:10,0,0,0
BRDA:10,0,1,0
BRDA:10,1,0,0
BRDA:10,1,1,0
BRDA:10,2,0,0
BRDA:10,2,1,0
BRDA:10,3,0,0
BRDA:10,3,1,0
BRF:8
BRH:0
end_of_record
TN:
SF:src\js\utils\isVTEX.ts
FN:3,isVTEX
FN:6,(anonymous_2)
FN:8,(anonymous_3)
FN:12,(anonymous_4)
FNF:4
FNH:0
FNDA:0,isVTEX
FNDA:0,(anonymous_2)
FNDA:0,(anonymous_3)
FNDA:0,(anonymous_4)
DA:1,1
DA:4,0
DA:6,0
DA:7,0
DA:8,0
DA:9,0
DA:10,0
DA:12,0
DA:16,0
DA:19,1
LF:10
LH:2
BRDA:9,0,0,0
BRDA:9,0,1,0
BRF:2
BRH:0
end_of_record
TN:
SF:src\js\utils\parseCookies.ts
FN:1,parseCookies
FN:8,(anonymous_1)
FNF:2
FNH:2
FNDA:2,parseCookies
FNDA:13,(anonymous_1)
DA:3,2
DA:4,2
DA:6,1
DA:8,1
DA:9,13
DA:11,13
DA:12,12
DA:18,1
DA:21,2
LF:9
LH:9
BRDA:3,0,0,2
BRDA:3,0,1,1
BRDA:3,1,0,1
BRDA:3,1,1,1
BRDA:3,2,0,2
BRDA:3,2,1,1
BRDA:4,3,0,1
BRDA:4,3,1,1
BRDA:11,4,0,1
BRDA:11,4,1,12
BRF:10
BRH:10
end_of_record
TN:
SF:src\js\utils\runOnTab.ts
FN:4,runOnTab
FN:5,(anonymous_2)
FNF:2
FNH:0
FNDA:0,runOnTab
FNDA:0,(anonymous_2)
DA:2,1
DA:5,0
DA:6,0
DA:8,0
DA:17,1
LF:5
LH:2
BRDA:6,0,0,0
BRDA:6,0,1,0
BRDA:6,1,0,0
BRDA:6,1,1,0
BRDA:6,2,0,0
BRDA:6,2,1,0
BRF:6
BRH:0
end_of_record
TN:
SF:src\js\utils\setCookie.ts
FN:9,setCookie
FNF:1
FNH:0
FNDA:0,setCookie
DA:10,0
DA:18,1
LF:2
LH:1
BRDA:9,0,0,0
BRDA:14,1,0,0
BRDA:14,1,1,0
BRDA:14,2,0,0
BRDA:14,2,1,0
BRF:5
BRH:0
end_of_record
TN:
SF:src\js\utils\stripURL.ts
FN:8,stripURL
FNF:1
FNH:1
FNDA:5,stripURL
DA:10,5
DA:12,5
DA:13,5
DA:15,5
DA:20,0
DA:23,2
LF:6
LH:5
BRDA:12,0,0,5
BRDA:12,0,1,0
BRDA:16,1,0,1
BRDA:16,1,1,4
BRDA:16,2,0,5
BRDA:16,2,1,4
BRF:6
BRH:5
end_of_record
TN:
SF:src\js\utils\dispatch\dispatchOrderForm.ts
FN:3,dispatchOrderForm
FN:4,(anonymous_2)
FNF:2
FNH:0
FNDA:0,dispatchOrderForm
FNDA:0,(anonymous_2)
DA:1,1
DA:4,0
DA:5,0
DA:6,0
DA:7,0
DA:9,0
DA:10,0
DA:12,0
DA:14,0
DA:22,1
LF:10
LH:2
BRDA:5,0,0,0
BRDA:5,0,1,0
BRDA:12,1,0,0
BRDA:12,1,1,0
BRF:4
BRH:0
end_of_record
TN:
SF:src\js\utils\dispatch\dispatchProductData.ts
FN:3,dispatchProductData
FN:4,(anonymous_2)
FN:9,(anonymous_3)
FNF:3
FNH:0
FNDA:0,dispatchProductData
FNDA:0,(anonymous_2)
FNDA:0,(anonymous_3)
DA:1,1
DA:4,0
DA:5,0
DA:7,0
DA:9,0
DA:10,0
DA:14,0
DA:18,0
DA:19,0
DA:21,0
DA:23,0
DA:26,0
DA:29,0
DA:36,1
LF:14
LH:2
BRDA:15,0,0,0
BRDA:15,0,1,0
BRDA:18,1,0,0
BRDA:18,1,1,0
BRDA:18,2,0,0
BRDA:18,2,1,0
BRDA:19,3,0,0
BRDA:19,3,1,0
BRDA:19,4,0,0
BRDA:19,4,1,0
BRDA:21,5,0,0
BRDA:21,5,1,0
BRF:12
BRH:0
end_of_record
TN:
SF:src\js\utils\dispatch\dispatchVtexInfo.ts
FN:3,dispatchVtexInfo
FN:4,(anonymous_2)
FN:13,(anonymous_3)
FNF:3
FNH:0
FNDA:0,dispatchVtexInfo
FNDA:0,(anonymous_2)
FNDA:0,(anonymous_3)
DA:1,1
DA:4,0
DA:5,0
DA:6,0
DA:8,0
DA:9,0
DA:10,0
DA:13,0
DA:14,0
DA:20,0
DA:24,0
DA:26,0
DA:28,0
DA:31,0
DA:43,1
LF:15
LH:2
BRDA:8,0,0,0
BRDA:8,0,1,0
BRDA:16,1,0,0
BRDA:16,1,1,0
BRDA:21,2,0,0
BRDA:21,2,1,0
BRDA:24,3,0,0
BRDA:24,3,1,0
BRDA:24,4,0,0
BRDA:24,4,1,0
BRDA:26,5,0,0
BRDA:26,5,1,0
BRDA:26,6,0,0
BRDA:26,6,1,0
BRDA:26,7,0,0
BRDA:26,7,1,0
BRF:16
BRH:0
end_of_record
TN:
SF:src\js\utils\vtex\getOrderForm.ts
FN:4,getOrderForm
FN:8,(anonymous_2)
FNF:2
FNH:0
FNDA:0,getOrderForm
FNDA:0,(anonymous_2)
DA:2,1
DA:5,0
DA:7,0
DA:9,0
DA:10,0
DA:16,1
LF:6
LH:2
BRDA:9,0,0,0
BRDA:9,0,1,0
BRF:2
BRH:0
end_of_record
TN:
SF:src\js\utils\vtex\getProductData.ts
FN:4,getProductData
FN:8,(anonymous_2)
FNF:2
FNH:0
FNDA:0,getProductData
FNDA:0,(anonymous_2)
DA:2,1
DA:5,0
DA:7,0
DA:9,0
DA:10,0
DA:16,1
LF:6
LH:2
BRDA:9,0,0,0
BRDA:9,0,1,0
BRF:2
BRH:0
end_of_record
TN:
SF:src\js\utils\vtex\getVtexInfo.ts
FN:4,getVtexInfo
FN:6,(anonymous_2)
FNF:2
FNH:0
FNDA:0,getVtexInfo
FNDA:0,(anonymous_2)
DA:2,1
DA:5,0
DA:7,0
DA:8,0
DA:12,0
DA:15,1
LF:6
LH:2
BRDA:7,0,0,0
BRDA:7,0,1,0
BRF:2
BRH:0
end_of_record
